<?xml version="1.0" encoding="UTF-8"?>
<!-- Generated by org.testng.reporters.JUnitReportReporter -->
<testsuite skipped="0" hostname="BDC8-LX-723054Y" name="TestCases.TestClass" tests="1" failures="0" timestamp="28 Mar 2020 12:28:04 GMT" time="21.552" errors="0">
  <testcase name="test" time="21.552" classname="TestCases.TestClass"/>
</testsuite> <!-- TestCases.TestClass -->
